  [1m[36m (86.6ms)[0m  [1mCREATE TABLE "schema_migrations" ("version" varchar(255) NOT NULL) [0m
  [1m[35m (0.3ms)[0m  select sqlite_version(*)
  [1m[36m (99.7ms)[0m  [1mCREATE UNIQUE INDEX "unique_schema_migrations" ON "schema_migrations" ("version")[0m
  [1m[35mActiveRecord::SchemaMigration Load (0.6ms)[0m  SELECT "schema_migrations".* FROM "schema_migrations"
Migrating to CreateUsers (20141209003209)
  [1m[36m (0.8ms)[0m  [1mbegin transaction[0m
  [1m[35m (1.1ms)[0m  CREATE TABLE "users" ("id" INTEGER PRIMARY KEY AUTOINCREMENT NOT NULL, "password" varchar(255), "permission" varchar(255), "created_at" datetime, "updated_at" datetime) 
  [1m[36mSQL (0.6ms)[0m  [1mINSERT INTO "schema_migrations" ("version") VALUES (?)[0m  [["version", "20141209003209"]]
  [1m[35m (104.2ms)[0m  commit transaction
Migrating to CreateJuniorEnterprises (20141209004257)
  [1m[36m (0.3ms)[0m  [1mbegin transaction[0m
  [1m[35m (1.0ms)[0m  CREATE TABLE "junior_enterprises" ("id" INTEGER PRIMARY KEY AUTOINCREMENT NOT NULL, "email" varchar(255), "password" varchar(255), "name" varchar(255), "logo" varchar(255), "description" text, "phrase" text, "site" varchar(255), "phone" varchar(255), "city" varchar(255), "state" varchar(255), "youtube" varchar(255), "facebook" varchar(255), "course" varchar(255), "area" varchar(255), "address" varchar(255), "consultor" boolean, "product" boolean, "accesss" integer, "project" boolean, "training" boolean, "created_at" datetime, "updated_at" datetime) 
  [1m[36mSQL (0.6ms)[0m  [1mINSERT INTO "schema_migrations" ("version") VALUES (?)[0m  [["version", "20141209004257"]]
  [1m[35m (124.3ms)[0m  commit transaction
Migrating to CreateMembers (20141209004352)
  [1m[36m (0.2ms)[0m  [1mbegin transaction[0m
  [1m[35m (1.1ms)[0m  CREATE TABLE "members" ("id" INTEGER PRIMARY KEY AUTOINCREMENT NOT NULL, "name" varchar(255), "photo" varchar(255), "position" varchar(255), "junior_enterprise_id" integer, "phone" varchar(255), "email" varchar(255), "created_at" datetime, "updated_at" datetime) 
  [1m[36mSQL (0.4ms)[0m  [1mINSERT INTO "schema_migrations" ("version") VALUES (?)[0m  [["version", "20141209004352"]]
  [1m[35m (181.2ms)[0m  commit transaction
Migrating to CreateMessages (20141209004501)
  [1m[36m (0.2ms)[0m  [1mbegin transaction[0m
  [1m[35m (0.9ms)[0m  CREATE TABLE "messages" ("id" INTEGER PRIMARY KEY AUTOINCREMENT NOT NULL, "text" text, "email" varchar(255), "phone" varchar(255), "name" varchar(255), "junior_enterprise_id" integer, "read" boolean, "created_at" datetime, "updated_at" datetime) 
  [1m[36mSQL (0.5ms)[0m  [1mINSERT INTO "schema_migrations" ("version") VALUES (?)[0m  [["version", "20141209004501"]]
  [1m[35m (94.1ms)[0m  commit transaction
  [1m[36mActiveRecord::SchemaMigration Load (0.8ms)[0m  [1mSELECT "schema_migrations".* FROM "schema_migrations"[0m


Started POST "/users" for 127.0.0.1 at 2014-12-08 21:56:21 -0300
  [1m[36mActiveRecord::SchemaMigration Load (0.5ms)[0m  [1mSELECT "schema_migrations".* FROM "schema_migrations"[0m
Processing by UsersController#create as */*
  [1m[35mUser Load (1.2ms)[0m  SELECT  "users".* FROM "users"  WHERE "users"."password" IS NULL LIMIT 1
Completed 400 Bad Request in 23ms

ActionController::ParameterMissing (param is missing or the value is empty: user):
  app/controllers/users_controller.rb:54:in `user_params'
  app/controllers/users_controller.rb:21:in `create'


  Rendered /home/gui/.rvm/gems/ruby-2.1.2/gems/actionpack-4.1.5/lib/action_dispatch/middleware/templates/rescues/_source.erb (2.3ms)
  Rendered /home/gui/.rvm/gems/ruby-2.1.2/gems/actionpack-4.1.5/lib/action_dispatch/middleware/templates/rescues/_trace.html.erb (3.8ms)
  Rendered /home/gui/.rvm/gems/ruby-2.1.2/gems/actionpack-4.1.5/lib/action_dispatch/middleware/templates/rescues/_request_and_response.html.erb (3.1ms)
  Rendered /home/gui/.rvm/gems/ruby-2.1.2/gems/actionpack-4.1.5/lib/action_dispatch/middleware/templates/rescues/diagnostics.erb within rescues/layout (37.1ms)


Started POST "/users" for 127.0.0.1 at 2014-12-08 21:57:43 -0300
  [1m[36mActiveRecord::SchemaMigration Load (0.5ms)[0m  [1mSELECT "schema_migrations".* FROM "schema_migrations"[0m
Processing by UsersController#create as */*
Completed 400 Bad Request in 5ms

ActionController::ParameterMissing (param is missing or the value is empty: user):
  app/controllers/users_controller.rb:54:in `user_params'
  app/controllers/users_controller.rb:21:in `create'


  Rendered /home/gui/.rvm/gems/ruby-2.1.2/gems/actionpack-4.1.5/lib/action_dispatch/middleware/templates/rescues/_source.erb (3.0ms)
  Rendered /home/gui/.rvm/gems/ruby-2.1.2/gems/actionpack-4.1.5/lib/action_dispatch/middleware/templates/rescues/_trace.html.erb (4.9ms)
  Rendered /home/gui/.rvm/gems/ruby-2.1.2/gems/actionpack-4.1.5/lib/action_dispatch/middleware/templates/rescues/_request_and_response.html.erb (3.4ms)
  Rendered /home/gui/.rvm/gems/ruby-2.1.2/gems/actionpack-4.1.5/lib/action_dispatch/middleware/templates/rescues/diagnostics.erb within rescues/layout (38.7ms)


Started GET "/users" for 127.0.0.1 at 2014-12-08 22:01:11 -0300
  [1m[36mActiveRecord::SchemaMigration Load (1.1ms)[0m  [1mSELECT "schema_migrations".* FROM "schema_migrations"[0m
Processing by UsersController#index as */*
  [1m[35mUser Load (0.7ms)[0m  SELECT "users".* FROM "users"
Completed 200 OK in 8ms (Views: 2.4ms | ActiveRecord: 0.7ms)


Started POST "/users" for 127.0.0.1 at 2014-12-08 22:01:38 -0300
Processing by UsersController#create as */*
  [1m[36m (0.3ms)[0m  [1mbegin transaction[0m
  [1m[35mUser Exists (0.6ms)[0m  SELECT  1 AS one FROM "users"  WHERE "users"."password" = '_avcWudYWOqs0AvBRzfP2Wke56Y' LIMIT 1
  [1m[36mSQL (1.7ms)[0m  [1mINSERT INTO "users" ("created_at", "password", "updated_at") VALUES (?, ?, ?)[0m  [["created_at", "2014-12-09 01:01:38.038431"], ["password", "_avcWudYWOqs0AvBRzfP2Wke56Y"], ["updated_at", "2014-12-09 01:01:38.038431"]]
  [1m[35m (169.7ms)[0m  commit transaction
Completed 201 Created in 244ms (Views: 3.1ms | ActiveRecord: 173.7ms)


Started POST "/users" for 127.0.0.1 at 2014-12-08 22:01:58 -0300
Processing by UsersController#create as */*
  [1m[36m (0.6ms)[0m  [1mbegin transaction[0m
  [1m[35mUser Exists (0.5ms)[0m  SELECT  1 AS one FROM "users"  WHERE "users"."password" = 'DUien6210MylTl5MpwY54GBk0Y0' LIMIT 1
  [1m[36mSQL (0.7ms)[0m  [1mINSERT INTO "users" ("created_at", "password", "updated_at") VALUES (?, ?, ?)[0m  [["created_at", "2014-12-09 01:01:58.283950"], ["password", "DUien6210MylTl5MpwY54GBk0Y0"], ["updated_at", "2014-12-09 01:01:58.283950"]]
  [1m[35m (251.1ms)[0m  commit transaction
Completed 201 Created in 266ms (Views: 2.1ms | ActiveRecord: 252.9ms)


Started POST "/users" for 127.0.0.1 at 2014-12-08 22:02:15 -0300
  [1m[36mActiveRecord::SchemaMigration Load (0.6ms)[0m  [1mSELECT "schema_migrations".* FROM "schema_migrations"[0m
Processing by UsersController#create as */*
  [1m[35m (0.2ms)[0m  begin transaction
  [1m[36mUser Exists (1.2ms)[0m  [1mSELECT  1 AS one FROM "users"  WHERE "users"."password" = 'HHpTzdoz7nw8WAIFSMNu_YQyeSc' LIMIT 1[0m
  [1m[35mSQL (1.3ms)[0m  INSERT INTO "users" ("created_at", "password", "updated_at") VALUES (?, ?, ?)  [["created_at", "2014-12-09 01:02:15.886478"], ["password", "HHpTzdoz7nw8WAIFSMNu_YQyeSc"], ["updated_at", "2014-12-09 01:02:15.886478"]]
  [1m[36m (160.9ms)[0m  [1mcommit transaction[0m
Completed 201 Created in 238ms (Views: 2.8ms | ActiveRecord: 164.5ms)


Started GET "/messages" for 127.0.0.1 at 2014-12-08 22:04:48 -0300
Processing by MessagesController#index as */*
  [1m[35mUser Load (0.6ms)[0m  SELECT  "users".* FROM "users"  WHERE "users"."password" IS NULL LIMIT 1
  [1m[36mMessage Load (0.7ms)[0m  [1mSELECT "messages".* FROM "messages"[0m
Completed 200 OK in 15ms (Views: 2.7ms | ActiveRecord: 1.3ms)
  [1m[36m (100.3ms)[0m  [1mCREATE TABLE "schema_migrations" ("version" varchar(255) NOT NULL) [0m
  [1m[35m (0.4ms)[0m  select sqlite_version(*)
  [1m[36m (97.7ms)[0m  [1mCREATE UNIQUE INDEX "unique_schema_migrations" ON "schema_migrations" ("version")[0m
  [1m[35mActiveRecord::SchemaMigration Load (0.6ms)[0m  SELECT "schema_migrations".* FROM "schema_migrations"
Migrating to CreateUsers (20141209003209)
  [1m[36m (0.3ms)[0m  [1mbegin transaction[0m
  [1m[35m (2.3ms)[0m  CREATE TABLE "users" ("id" INTEGER PRIMARY KEY AUTOINCREMENT NOT NULL, "password" varchar(255), "permission" varchar(255), "created_at" datetime, "updated_at" datetime) 
  [1m[36mSQL (0.7ms)[0m  [1mINSERT INTO "schema_migrations" ("version") VALUES (?)[0m  [["version", "20141209003209"]]
  [1m[35m (85.8ms)[0m  commit transaction
Migrating to CreateJuniorEnterprises (20141209004257)
  [1m[36m (0.4ms)[0m  [1mbegin transaction[0m
  [1m[35m (1.1ms)[0m  CREATE TABLE "junior_enterprises" ("id" INTEGER PRIMARY KEY AUTOINCREMENT NOT NULL, "email" varchar(255), "password" varchar(255), "name" varchar(255), "logo" varchar(255), "description" text, "phrase" text, "site" varchar(255), "phone" varchar(255), "city" varchar(255), "state" varchar(255), "youtube" varchar(255), "facebook" varchar(255), "course" varchar(255), "area" varchar(255), "address" varchar(255), "consultor" boolean, "product" boolean, "accesss" integer, "project" boolean, "training" boolean, "created_at" datetime, "updated_at" datetime) 
  [1m[36mSQL (0.5ms)[0m  [1mINSERT INTO "schema_migrations" ("version") VALUES (?)[0m  [["version", "20141209004257"]]
  [1m[35m (65.5ms)[0m  commit transaction
Migrating to CreateMembers (20141209004352)
  [1m[36m (0.3ms)[0m  [1mbegin transaction[0m
  [1m[35m (1.1ms)[0m  CREATE TABLE "members" ("id" INTEGER PRIMARY KEY AUTOINCREMENT NOT NULL, "name" varchar(255), "photo" varchar(255), "position" varchar(255), "junior_enterprise_id" integer, "phone" varchar(255), "email" varchar(255), "created_at" datetime, "updated_at" datetime) 
  [1m[36m (0.6ms)[0m  [1mCREATE  INDEX "index_members_on_junior_enterprise_id" ON "members" ("junior_enterprise_id")[0m
  [1m[35mSQL (1.1ms)[0m  INSERT INTO "schema_migrations" ("version") VALUES (?)  [["version", "20141209004352"]]
  [1m[36m (77.9ms)[0m  [1mcommit transaction[0m
Migrating to CreateMessages (20141209004501)
  [1m[35m (0.3ms)[0m  begin transaction
  [1m[36m (1.8ms)[0m  [1mCREATE TABLE "messages" ("id" INTEGER PRIMARY KEY AUTOINCREMENT NOT NULL, "text" text, "email" varchar(255), "phone" varchar(255), "name" varchar(255), "junior_enterprise_id" integer, "read" boolean, "created_at" datetime, "updated_at" datetime) [0m
  [1m[35m (0.7ms)[0m  CREATE  INDEX "index_messages_on_junior_enterprise_id" ON "messages" ("junior_enterprise_id")
  [1m[36mSQL (0.9ms)[0m  [1mINSERT INTO "schema_migrations" ("version") VALUES (?)[0m  [["version", "20141209004501"]]
  [1m[35m (108.2ms)[0m  commit transaction
  [1m[36mActiveRecord::SchemaMigration Load (0.6ms)[0m  [1mSELECT "schema_migrations".* FROM "schema_migrations"[0m
  [1m[35m (0.3ms)[0m              SELECT sql
            FROM sqlite_master
            WHERE name='index_members_on_junior_enterprise_id' AND type='index'
            UNION ALL
            SELECT sql
            FROM sqlite_temp_master
            WHERE name='index_members_on_junior_enterprise_id' AND type='index'

  [1m[36m (0.8ms)[0m  [1m            SELECT sql
            FROM sqlite_master
            WHERE name='index_messages_on_junior_enterprise_id' AND type='index'
            UNION ALL
            SELECT sql
            FROM sqlite_temp_master
            WHERE name='index_messages_on_junior_enterprise_id' AND type='index'
[0m
  [1m[36m (101.6ms)[0m  [1mCREATE TABLE "schema_migrations" ("version" varchar(255) NOT NULL) [0m
  [1m[35m (0.9ms)[0m  select sqlite_version(*)
  [1m[36m (96.1ms)[0m  [1mCREATE UNIQUE INDEX "unique_schema_migrations" ON "schema_migrations" ("version")[0m
  [1m[35mActiveRecord::SchemaMigration Load (0.6ms)[0m  SELECT "schema_migrations".* FROM "schema_migrations"
Migrating to CreateUsers (20141209003209)
  [1m[36m (0.3ms)[0m  [1mbegin transaction[0m
  [1m[35m (1.4ms)[0m  CREATE TABLE "users" ("id" INTEGER PRIMARY KEY AUTOINCREMENT NOT NULL, "password" varchar(255), "function" varchar(255), "email" varchar(255), "created_at" datetime, "updated_at" datetime) 
  [1m[36mSQL (1.1ms)[0m  [1mINSERT INTO "schema_migrations" ("version") VALUES (?)[0m  [["version", "20141209003209"]]
  [1m[35m (99.6ms)[0m  commit transaction
Migrating to CreateJuniorEnterprises (20141209004257)
  [1m[36m (0.2ms)[0m  [1mbegin transaction[0m
  [1m[35m (1.0ms)[0m  CREATE TABLE "junior_enterprises" ("id" INTEGER PRIMARY KEY AUTOINCREMENT NOT NULL, "email" varchar(255), "password" varchar(255), "name" varchar(255), "logo" varchar(255), "description" text, "phrase" text, "site" varchar(255), "phone" varchar(255), "city" varchar(255), "state" varchar(255), "youtube" varchar(255), "facebook" varchar(255), "course" varchar(255), "area" varchar(255), "address" varchar(255), "consultor" boolean, "product" boolean, "accesss" integer, "project" boolean, "training" boolean, "created_at" datetime, "updated_at" datetime) 
  [1m[36m (0.5ms)[0m  [1mCREATE  INDEX "index_junior_enterprises_on_user_id" ON "junior_enterprises" ("user_id")[0m
SQLite3::SQLException: table junior_enterprises has no column named user_id: CREATE  INDEX "index_junior_enterprises_on_user_id" ON "junior_enterprises" ("user_id")
  [1m[35m (0.4ms)[0m  rollback transaction
  [1m[36m (99.0ms)[0m  [1mCREATE TABLE "schema_migrations" ("version" varchar(255) NOT NULL) [0m
  [1m[35m (0.7ms)[0m  select sqlite_version(*)
  [1m[36m (96.3ms)[0m  [1mCREATE UNIQUE INDEX "unique_schema_migrations" ON "schema_migrations" ("version")[0m
  [1m[35mActiveRecord::SchemaMigration Load (0.5ms)[0m  SELECT "schema_migrations".* FROM "schema_migrations"
Migrating to CreateUsers (20141209003209)
  [1m[36m (0.4ms)[0m  [1mbegin transaction[0m
  [1m[35m (1.5ms)[0m  CREATE TABLE "users" ("id" INTEGER PRIMARY KEY AUTOINCREMENT NOT NULL, "password" varchar(255), "function" varchar(255), "email" varchar(255), "created_at" datetime, "updated_at" datetime) 
  [1m[36mSQL (1.0ms)[0m  [1mINSERT INTO "schema_migrations" ("version") VALUES (?)[0m  [["version", "20141209003209"]]
  [1m[35m (110.6ms)[0m  commit transaction
Migrating to CreateJuniorEnterprises (20141209004257)
  [1m[36m (0.3ms)[0m  [1mbegin transaction[0m
  [1m[35m (1.3ms)[0m  CREATE TABLE "junior_enterprises" ("id" INTEGER PRIMARY KEY AUTOINCREMENT NOT NULL, "name" varchar(255), "logo" varchar(255), "description" text, "phrase" text, "site" varchar(255), "phone" varchar(255), "city" varchar(255), "state" varchar(255), "youtube" varchar(255), "facebook" varchar(255), "course" varchar(255), "area" varchar(255), "address" varchar(255), "consultor" boolean, "product" boolean, "accesss" integer, "project" boolean, "training" boolean, "user_id" integer, "created_at" datetime, "updated_at" datetime) 
  [1m[36m (0.5ms)[0m  [1mCREATE  INDEX "index_junior_enterprises_on_user_id" ON "junior_enterprises" ("user_id")[0m
  [1m[35mSQL (0.6ms)[0m  INSERT INTO "schema_migrations" ("version") VALUES (?)  [["version", "20141209004257"]]
  [1m[36m (67.0ms)[0m  [1mcommit transaction[0m
Migrating to CreateMembers (20141209004352)
  [1m[35m (0.2ms)[0m  begin transaction
  [1m[36m (1.2ms)[0m  [1mCREATE TABLE "members" ("id" INTEGER PRIMARY KEY AUTOINCREMENT NOT NULL, "name" varchar(255), "photo" varchar(255), "position" varchar(255), "junior_enterprise_id" integer, "phone" varchar(255), "email" varchar(255), "created_at" datetime, "updated_at" datetime) [0m
  [1m[35m (0.5ms)[0m  CREATE  INDEX "index_members_on_junior_enterprise_id" ON "members" ("junior_enterprise_id")
  [1m[36mSQL (0.6ms)[0m  [1mINSERT INTO "schema_migrations" ("version") VALUES (?)[0m  [["version", "20141209004352"]]
  [1m[35m (90.3ms)[0m  commit transaction
Migrating to CreateMessages (20141209004501)
  [1m[36m (0.4ms)[0m  [1mbegin transaction[0m
  [1m[35m (1.7ms)[0m  CREATE TABLE "messages" ("id" INTEGER PRIMARY KEY AUTOINCREMENT NOT NULL, "text" text, "email" varchar(255), "phone" varchar(255), "name" varchar(255), "junior_enterprise_id" integer, "read" boolean, "created_at" datetime, "updated_at" datetime) 
  [1m[36m (0.6ms)[0m  [1mCREATE  INDEX "index_messages_on_junior_enterprise_id" ON "messages" ("junior_enterprise_id")[0m
  [1m[35mSQL (0.4ms)[0m  INSERT INTO "schema_migrations" ("version") VALUES (?)  [["version", "20141209004501"]]
  [1m[36m (100.1ms)[0m  [1mcommit transaction[0m
  [1m[35mActiveRecord::SchemaMigration Load (0.7ms)[0m  SELECT "schema_migrations".* FROM "schema_migrations"
  [1m[36m (0.4ms)[0m  [1m            SELECT sql
            FROM sqlite_master
            WHERE name='index_junior_enterprises_on_user_id' AND type='index'
            UNION ALL
            SELECT sql
            FROM sqlite_temp_master
            WHERE name='index_junior_enterprises_on_user_id' AND type='index'
[0m
  [1m[35m (0.3ms)[0m              SELECT sql
            FROM sqlite_master
            WHERE name='index_members_on_junior_enterprise_id' AND type='index'
            UNION ALL
            SELECT sql
            FROM sqlite_temp_master
            WHERE name='index_members_on_junior_enterprise_id' AND type='index'

  [1m[36m (0.3ms)[0m  [1m            SELECT sql
            FROM sqlite_master
            WHERE name='index_messages_on_junior_enterprise_id' AND type='index'
            UNION ALL
            SELECT sql
            FROM sqlite_temp_master
            WHERE name='index_messages_on_junior_enterprise_id' AND type='index'
[0m
  [1m[36m (65.2ms)[0m  [1mCREATE TABLE "schema_migrations" ("version" varchar(255) NOT NULL) [0m
  [1m[35m (0.7ms)[0m  select sqlite_version(*)
  [1m[36m (85.4ms)[0m  [1mCREATE UNIQUE INDEX "unique_schema_migrations" ON "schema_migrations" ("version")[0m
  [1m[35mActiveRecord::SchemaMigration Load (0.3ms)[0m  SELECT "schema_migrations".* FROM "schema_migrations"
Migrating to CreateUsers (20141209003209)
  [1m[36m (0.2ms)[0m  [1mbegin transaction[0m
  [1m[35m (1.0ms)[0m  CREATE TABLE "users" ("id" INTEGER PRIMARY KEY AUTOINCREMENT NOT NULL, "password" varchar(255), "function" varchar(255), "email" varchar(255), "created_at" datetime, "updated_at" datetime) 
  [1m[36mSQL (0.5ms)[0m  [1mINSERT INTO "schema_migrations" ("version") VALUES (?)[0m  [["version", "20141209003209"]]
  [1m[35m (98.4ms)[0m  commit transaction
Migrating to CreateJuniorEnterprises (20141209004257)
  [1m[36m (0.2ms)[0m  [1mbegin transaction[0m
  [1m[35m (1.0ms)[0m  CREATE TABLE "junior_enterprises" ("id" INTEGER PRIMARY KEY AUTOINCREMENT NOT NULL, "name" varchar(255), "logo" varchar(255), "description" text, "phrase" text, "site" varchar(255), "phone" varchar(255), "city" varchar(255), "state" varchar(255), "youtube" varchar(255), "facebook" varchar(255), "course" varchar(255), "area" varchar(255), "address" varchar(255), "consultor" boolean, "product" boolean, "accesss" integer, "project" boolean, "training" boolean, "user_id" integer, "created_at" datetime, "updated_at" datetime) 
  [1m[36m (0.6ms)[0m  [1mCREATE  INDEX "index_junior_enterprises_on_user_id" ON "junior_enterprises" ("user_id")[0m
  [1m[35mSQL (0.7ms)[0m  INSERT INTO "schema_migrations" ("version") VALUES (?)  [["version", "20141209004257"]]
  [1m[36m (101.8ms)[0m  [1mcommit transaction[0m
Migrating to CreateMembers (20141209004352)
  [1m[35m (0.4ms)[0m  begin transaction
  [1m[36m (1.1ms)[0m  [1mCREATE TABLE "members" ("id" INTEGER PRIMARY KEY AUTOINCREMENT NOT NULL, "name" varchar(255), "photo" varchar(255), "position" varchar(255), "junior_enterprise_id" integer, "phone" varchar(255), "email" varchar(255), "created_at" datetime, "updated_at" datetime) [0m
  [1m[35m (0.5ms)[0m  CREATE  INDEX "index_members_on_junior_enterprise_id" ON "members" ("junior_enterprise_id")
  [1m[36mSQL (0.9ms)[0m  [1mINSERT INTO "schema_migrations" ("version") VALUES (?)[0m  [["version", "20141209004352"]]
  [1m[35m (75.6ms)[0m  commit transaction
Migrating to CreateMessages (20141209004501)
  [1m[36m (0.4ms)[0m  [1mbegin transaction[0m
  [1m[35m (1.6ms)[0m  CREATE TABLE "messages" ("id" INTEGER PRIMARY KEY AUTOINCREMENT NOT NULL, "text" text, "email" varchar(255), "phone" varchar(255), "name" varchar(255), "junior_enterprise_id" integer, "read" boolean, "created_at" datetime, "updated_at" datetime) 
  [1m[36m (0.7ms)[0m  [1mCREATE  INDEX "index_messages_on_junior_enterprise_id" ON "messages" ("junior_enterprise_id")[0m
  [1m[35mSQL (0.4ms)[0m  INSERT INTO "schema_migrations" ("version") VALUES (?)  [["version", "20141209004501"]]
  [1m[36m (99.3ms)[0m  [1mcommit transaction[0m
Migrating to CreateKeys (20141209023946)
  [1m[35m (0.2ms)[0m  begin transaction
  [1m[36m (0.9ms)[0m  [1mCREATE TABLE "keys" ("id" INTEGER PRIMARY KEY AUTOINCREMENT NOT NULL, "password" varchar(255), "created_at" datetime, "updated_at" datetime) [0m
  [1m[35mSQL (0.4ms)[0m  INSERT INTO "schema_migrations" ("version") VALUES (?)  [["version", "20141209023946"]]
  [1m[36m (106.0ms)[0m  [1mcommit transaction[0m
  [1m[35mActiveRecord::SchemaMigration Load (0.2ms)[0m  SELECT "schema_migrations".* FROM "schema_migrations"
  [1m[36m (0.4ms)[0m  [1m            SELECT sql
            FROM sqlite_master
            WHERE name='index_junior_enterprises_on_user_id' AND type='index'
            UNION ALL
            SELECT sql
            FROM sqlite_temp_master
            WHERE name='index_junior_enterprises_on_user_id' AND type='index'
[0m
  [1m[35m (0.4ms)[0m              SELECT sql
            FROM sqlite_master
            WHERE name='index_members_on_junior_enterprise_id' AND type='index'
            UNION ALL
            SELECT sql
            FROM sqlite_temp_master
            WHERE name='index_members_on_junior_enterprise_id' AND type='index'

  [1m[36m (0.4ms)[0m  [1m            SELECT sql
            FROM sqlite_master
            WHERE name='index_messages_on_junior_enterprise_id' AND type='index'
            UNION ALL
            SELECT sql
            FROM sqlite_temp_master
            WHERE name='index_messages_on_junior_enterprise_id' AND type='index'
[0m


Started POST "/keys" for 127.0.0.1 at 2014-12-08 23:42:51 -0300
  [1m[36mActiveRecord::SchemaMigration Load (0.5ms)[0m  [1mSELECT "schema_migrations".* FROM "schema_migrations"[0m

SyntaxError (/home/gui/Documentos/Projetos/Rails/JuniorEnterpriseAPI/app/controllers/keys_controller.rb:6: syntax error, unexpected '}', expecting =>
      render json: {@key.password}, status: :created, location: @key
                                  ^):
  app/controllers/keys_controller.rb:6: syntax error, unexpected '}', expecting =>


  Rendered /home/gui/.rvm/gems/ruby-2.1.2/gems/actionpack-4.1.5/lib/action_dispatch/middleware/templates/rescues/_source.erb (3.2ms)
  Rendered /home/gui/.rvm/gems/ruby-2.1.2/gems/actionpack-4.1.5/lib/action_dispatch/middleware/templates/rescues/_trace.html.erb (3.7ms)
  Rendered /home/gui/.rvm/gems/ruby-2.1.2/gems/actionpack-4.1.5/lib/action_dispatch/middleware/templates/rescues/_request_and_response.html.erb (3.3ms)
  Rendered /home/gui/.rvm/gems/ruby-2.1.2/gems/actionpack-4.1.5/lib/action_dispatch/middleware/templates/rescues/diagnostics.erb within rescues/layout (44.6ms)


Started POST "/keys" for 127.0.0.1 at 2014-12-08 23:43:51 -0300
  [1m[36mActiveRecord::SchemaMigration Load (0.7ms)[0m  [1mSELECT "schema_migrations".* FROM "schema_migrations"[0m
Processing by KeysController#create as */*
Completed 500 Internal Server Error in 12ms

NameError (undefined local variable or method `key_params' for #<KeysController:0x000000052eb5f8>):
  app/controllers/keys_controller.rb:3:in `create'


  Rendered /home/gui/.rvm/gems/ruby-2.1.2/gems/actionpack-4.1.5/lib/action_dispatch/middleware/templates/rescues/_source.erb (3.2ms)
  Rendered /home/gui/.rvm/gems/ruby-2.1.2/gems/actionpack-4.1.5/lib/action_dispatch/middleware/templates/rescues/_trace.html.erb (5.3ms)
  Rendered /home/gui/.rvm/gems/ruby-2.1.2/gems/actionpack-4.1.5/lib/action_dispatch/middleware/templates/rescues/_request_and_response.html.erb (5.1ms)
  Rendered /home/gui/.rvm/gems/ruby-2.1.2/gems/actionpack-4.1.5/lib/action_dispatch/middleware/templates/rescues/diagnostics.erb within rescues/layout (67.7ms)


Started POST "/keys" for 127.0.0.1 at 2014-12-08 23:44:29 -0300
  [1m[36mActiveRecord::SchemaMigration Load (0.5ms)[0m  [1mSELECT "schema_migrations".* FROM "schema_migrations"[0m
Processing by KeysController#create as */*
Completed 400 Bad Request in 8ms

ActionController::ParameterMissing (param is missing or the value is empty: key):
  app/controllers/keys_controller.rb:15:in `key_params'
  app/controllers/keys_controller.rb:4:in `create'


  Rendered /home/gui/.rvm/gems/ruby-2.1.2/gems/actionpack-4.1.5/lib/action_dispatch/middleware/templates/rescues/_source.erb (2.2ms)
  Rendered /home/gui/.rvm/gems/ruby-2.1.2/gems/actionpack-4.1.5/lib/action_dispatch/middleware/templates/rescues/_trace.html.erb (4.4ms)
  Rendered /home/gui/.rvm/gems/ruby-2.1.2/gems/actionpack-4.1.5/lib/action_dispatch/middleware/templates/rescues/_request_and_response.html.erb (4.0ms)
  Rendered /home/gui/.rvm/gems/ruby-2.1.2/gems/actionpack-4.1.5/lib/action_dispatch/middleware/templates/rescues/diagnostics.erb within rescues/layout (43.2ms)


Started POST "/keys" for 127.0.0.1 at 2014-12-08 23:44:59 -0300
  [1m[36mActiveRecord::SchemaMigration Load (0.7ms)[0m  [1mSELECT "schema_migrations".* FROM "schema_migrations"[0m
Processing by KeysController#create as */*
  [1m[35m (0.4ms)[0m  begin transaction
  [1m[36mSQL (1.3ms)[0m  [1mINSERT INTO "keys" ("created_at", "updated_at") VALUES (?, ?)[0m  [["created_at", "2014-12-09 02:44:59.697548"], ["updated_at", "2014-12-09 02:44:59.697548"]]
  [1m[35m (117.9ms)[0m  commit transaction
Completed 500 Internal Server Error in 169ms

NoMethodError (undefined method `key_url' for #<KeysController:0x000000051b0918>):
  app/controllers/keys_controller.rb:7:in `create'


  Rendered /home/gui/.rvm/gems/ruby-2.1.2/gems/actionpack-4.1.5/lib/action_dispatch/middleware/templates/rescues/_source.erb (2.6ms)
  Rendered /home/gui/.rvm/gems/ruby-2.1.2/gems/actionpack-4.1.5/lib/action_dispatch/middleware/templates/rescues/_trace.html.erb (5.0ms)
  Rendered /home/gui/.rvm/gems/ruby-2.1.2/gems/actionpack-4.1.5/lib/action_dispatch/middleware/templates/rescues/_request_and_response.html.erb (3.7ms)
  Rendered /home/gui/.rvm/gems/ruby-2.1.2/gems/actionpack-4.1.5/lib/action_dispatch/middleware/templates/rescues/diagnostics.erb within rescues/layout (46.4ms)


Started POST "/keys" for 127.0.0.1 at 2014-12-08 23:45:31 -0300
  [1m[36mActiveRecord::SchemaMigration Load (1.4ms)[0m  [1mSELECT "schema_migrations".* FROM "schema_migrations"[0m
Processing by KeysController#create as */*
  [1m[35m (0.3ms)[0m  begin transaction
  [1m[36mSQL (1.3ms)[0m  [1mINSERT INTO "keys" ("created_at", "updated_at") VALUES (?, ?)[0m  [["created_at", "2014-12-09 02:45:32.383487"], ["updated_at", "2014-12-09 02:45:32.383487"]]
  [1m[35m (94.3ms)[0m  commit transaction
Completed 201 Created in 127ms (Views: 0.6ms | ActiveRecord: 97.0ms)


Started POST "/keys" for 127.0.0.1 at 2014-12-08 23:46:15 -0300
Processing by KeysController#create as */*
  [1m[36m (0.5ms)[0m  [1mbegin transaction[0m
  [1m[35mKey Exists (0.7ms)[0m  SELECT  1 AS one FROM "keys"  WHERE "keys"."password" = 'ghVXn4fFh3UtUxujzQuiYfANI04' LIMIT 1
  [1m[36mSQL (1.4ms)[0m  [1mINSERT INTO "keys" ("created_at", "password", "updated_at") VALUES (?, ?, ?)[0m  [["created_at", "2014-12-09 02:46:16.005441"], ["password", "ghVXn4fFh3UtUxujzQuiYfANI04"], ["updated_at", "2014-12-09 02:46:16.005441"]]
  [1m[35m (119.0ms)[0m  commit transaction
Completed 201 Created in 204ms (Views: 0.7ms | ActiveRecord: 124.1ms)


Started POST "/keys" for 127.0.0.1 at 2014-12-08 23:46:20 -0300
Processing by KeysController#create as */*
  [1m[36m (0.2ms)[0m  [1mbegin transaction[0m
  [1m[35mKey Exists (0.6ms)[0m  SELECT  1 AS one FROM "keys"  WHERE "keys"."password" = 'jg9EOdwMY7AjHr1dDoLNDYdD2sE' LIMIT 1
  [1m[36mSQL (1.9ms)[0m  [1mINSERT INTO "keys" ("created_at", "password", "updated_at") VALUES (?, ?, ?)[0m  [["created_at", "2014-12-09 02:46:20.328145"], ["password", "jg9EOdwMY7AjHr1dDoLNDYdD2sE"], ["updated_at", "2014-12-09 02:46:20.328145"]]
  [1m[35m (226.6ms)[0m  commit transaction
Completed 201 Created in 237ms (Views: 0.3ms | ActiveRecord: 229.3ms)


Started POST "/keys" for 127.0.0.1 at 2014-12-08 23:46:22 -0300
Processing by KeysController#create as */*
  [1m[36m (0.4ms)[0m  [1mbegin transaction[0m
  [1m[35mKey Exists (0.7ms)[0m  SELECT  1 AS one FROM "keys"  WHERE "keys"."password" = 'xNp7QIrEOfpOBLcD80RaS7oIaPs' LIMIT 1
  [1m[36mSQL (1.0ms)[0m  [1mINSERT INTO "keys" ("created_at", "password", "updated_at") VALUES (?, ?, ?)[0m  [["created_at", "2014-12-09 02:46:22.051512"], ["password", "xNp7QIrEOfpOBLcD80RaS7oIaPs"], ["updated_at", "2014-12-09 02:46:22.051512"]]
  [1m[35m (221.3ms)[0m  commit transaction
Completed 201 Created in 233ms (Views: 0.2ms | ActiveRecord: 223.3ms)


Started POST "/keys" for 127.0.0.1 at 2014-12-08 23:46:23 -0300
Processing by KeysController#create as */*
  [1m[36m (0.2ms)[0m  [1mbegin transaction[0m
  [1m[35mKey Exists (0.5ms)[0m  SELECT  1 AS one FROM "keys"  WHERE "keys"."password" = 'irRfBLKhrlK0VoOXDkCbrvLd5YI' LIMIT 1
  [1m[36mSQL (0.7ms)[0m  [1mINSERT INTO "keys" ("created_at", "password", "updated_at") VALUES (?, ?, ?)[0m  [["created_at", "2014-12-09 02:46:23.511620"], ["password", "irRfBLKhrlK0VoOXDkCbrvLd5YI"], ["updated_at", "2014-12-09 02:46:23.511620"]]
  [1m[35m (198.1ms)[0m  commit transaction
Completed 201 Created in 207ms (Views: 0.3ms | ActiveRecord: 199.4ms)


Started POST "/keys" for 127.0.0.1 at 2014-12-08 23:46:24 -0300
Processing by KeysController#create as */*
  [1m[36m (0.3ms)[0m  [1mbegin transaction[0m
  [1m[35mKey Exists (0.5ms)[0m  SELECT  1 AS one FROM "keys"  WHERE "keys"."password" = 'OYGpju06evl9URqEQ7LCRYjQBbA' LIMIT 1
  [1m[36mSQL (0.7ms)[0m  [1mINSERT INTO "keys" ("created_at", "password", "updated_at") VALUES (?, ?, ?)[0m  [["created_at", "2014-12-09 02:46:24.924672"], ["password", "OYGpju06evl9URqEQ7LCRYjQBbA"], ["updated_at", "2014-12-09 02:46:24.924672"]]
  [1m[35m (172.5ms)[0m  commit transaction
Completed 201 Created in 182ms (Views: 0.3ms | ActiveRecord: 173.9ms)


Started POST "/keys" for 127.0.0.1 at 2014-12-08 23:46:51 -0300
Processing by KeysController#create as */*
  [1m[36m (0.3ms)[0m  [1mbegin transaction[0m
  [1m[35mKey Exists (0.9ms)[0m  SELECT  1 AS one FROM "keys"  WHERE "keys"."password" = 'OBQA5rxgPDdaO7wXay07pGmzdTE' LIMIT 1
  [1m[36mSQL (2.0ms)[0m  [1mINSERT INTO "keys" ("created_at", "password", "updated_at") VALUES (?, ?, ?)[0m  [["created_at", "2014-12-09 02:46:51.734639"], ["password", "OBQA5rxgPDdaO7wXay07pGmzdTE"], ["updated_at", "2014-12-09 02:46:51.734639"]]
  [1m[35m (106.3ms)[0m  commit transaction
Completed 201 Created in 156ms (Views: 1.6ms | ActiveRecord: 112.7ms)


Started POST "/users" for 127.0.0.1 at 2014-12-09 02:24:23 -0300
  [1m[36mActiveRecord::SchemaMigration Load (0.6ms)[0m  [1mSELECT "schema_migrations".* FROM "schema_migrations"[0m
Error occurred while parsing request parameters.
Contents:

email=%22gui%22

ActionDispatch::ParamsParser::ParseError (795: unexpected token at 'email=%22gui%22'):
  actionpack (4.1.5) lib/action_dispatch/middleware/params_parser.rb:53:in `rescue in parse_formatted_parameters'
  actionpack (4.1.5) lib/action_dispatch/middleware/params_parser.rb:32:in `parse_formatted_parameters'
  actionpack (4.1.5) lib/action_dispatch/middleware/params_parser.rb:23:in `call'
  activerecord (4.1.5) lib/active_record/query_cache.rb:36:in `call'
  activerecord (4.1.5) lib/active_record/connection_adapters/abstract/connection_pool.rb:621:in `call'
  activerecord (4.1.5) lib/active_record/migration.rb:380:in `call'
  actionpack (4.1.5) lib/action_dispatch/middleware/callbacks.rb:29:in `block in call'
  activesupport (4.1.5) lib/active_support/callbacks.rb:82:in `run_callbacks'
  actionpack (4.1.5) lib/action_dispatch/middleware/callbacks.rb:27:in `call'
  actionpack (4.1.5) lib/action_dispatch/middleware/reloader.rb:73:in `call'
  actionpack (4.1.5) lib/action_dispatch/middleware/remote_ip.rb:76:in `call'
  actionpack (4.1.5) lib/action_dispatch/middleware/debug_exceptions.rb:17:in `call'
  actionpack (4.1.5) lib/action_dispatch/middleware/show_exceptions.rb:30:in `call'
  railties (4.1.5) lib/rails/rack/logger.rb:38:in `call_app'
  railties (4.1.5) lib/rails/rack/logger.rb:20:in `block in call'
  activesupport (4.1.5) lib/active_support/tagged_logging.rb:68:in `block in tagged'
  activesupport (4.1.5) lib/active_support/tagged_logging.rb:26:in `tagged'
  activesupport (4.1.5) lib/active_support/tagged_logging.rb:68:in `tagged'
  railties (4.1.5) lib/rails/rack/logger.rb:20:in `call'
  actionpack (4.1.5) lib/action_dispatch/middleware/request_id.rb:21:in `call'
  rack (1.5.2) lib/rack/runtime.rb:17:in `call'
  activesupport (4.1.5) lib/active_support/cache/strategy/local_cache_middleware.rb:26:in `call'
  rack (1.5.2) lib/rack/lock.rb:17:in `call'
  actionpack (4.1.5) lib/action_dispatch/middleware/static.rb:64:in `call'
  railties (4.1.5) lib/rails/engine.rb:514:in `call'
  railties (4.1.5) lib/rails/application.rb:144:in `call'
  rack (1.5.2) lib/rack/lock.rb:17:in `call'
  rack (1.5.2) lib/rack/content_length.rb:14:in `call'
  rack (1.5.2) lib/rack/handler/webrick.rb:60:in `service'
  /home/gui/.rvm/rubies/ruby-2.1.2/lib/ruby/2.1.0/webrick/httpserver.rb:138:in `service'
  /home/gui/.rvm/rubies/ruby-2.1.2/lib/ruby/2.1.0/webrick/httpserver.rb:94:in `run'
  /home/gui/.rvm/rubies/ruby-2.1.2/lib/ruby/2.1.0/webrick/server.rb:295:in `block in start_thread'


  Rendered /home/gui/.rvm/gems/ruby-2.1.2/gems/actionpack-4.1.5/lib/action_dispatch/middleware/templates/rescues/_source.erb (2.7ms)
  Rendered /home/gui/.rvm/gems/ruby-2.1.2/gems/actionpack-4.1.5/lib/action_dispatch/middleware/templates/rescues/_trace.html.erb (4.1ms)
  Rendered /home/gui/.rvm/gems/ruby-2.1.2/gems/actionpack-4.1.5/lib/action_dispatch/middleware/templates/rescues/_request_and_response.html.erb (3.2ms)
  Rendered /home/gui/.rvm/gems/ruby-2.1.2/gems/actionpack-4.1.5/lib/action_dispatch/middleware/templates/rescues/diagnostics.erb within rescues/layout (44.8ms)


Started POST "/users" for 127.0.0.1 at 2014-12-09 02:25:00 -0300
Error occurred while parsing request parameters.
Contents:

email=gui

ActionDispatch::ParamsParser::ParseError (795: unexpected token at 'email=gui'):
  actionpack (4.1.5) lib/action_dispatch/middleware/params_parser.rb:53:in `rescue in parse_formatted_parameters'
  actionpack (4.1.5) lib/action_dispatch/middleware/params_parser.rb:32:in `parse_formatted_parameters'
  actionpack (4.1.5) lib/action_dispatch/middleware/params_parser.rb:23:in `call'
  activerecord (4.1.5) lib/active_record/query_cache.rb:36:in `call'
  activerecord (4.1.5) lib/active_record/connection_adapters/abstract/connection_pool.rb:621:in `call'
  activerecord (4.1.5) lib/active_record/migration.rb:380:in `call'
  actionpack (4.1.5) lib/action_dispatch/middleware/callbacks.rb:29:in `block in call'
  activesupport (4.1.5) lib/active_support/callbacks.rb:82:in `run_callbacks'
  actionpack (4.1.5) lib/action_dispatch/middleware/callbacks.rb:27:in `call'
  actionpack (4.1.5) lib/action_dispatch/middleware/reloader.rb:73:in `call'
  actionpack (4.1.5) lib/action_dispatch/middleware/remote_ip.rb:76:in `call'
  actionpack (4.1.5) lib/action_dispatch/middleware/debug_exceptions.rb:17:in `call'
  actionpack (4.1.5) lib/action_dispatch/middleware/show_exceptions.rb:30:in `call'
  railties (4.1.5) lib/rails/rack/logger.rb:38:in `call_app'
  railties (4.1.5) lib/rails/rack/logger.rb:20:in `block in call'
  activesupport (4.1.5) lib/active_support/tagged_logging.rb:68:in `block in tagged'
  activesupport (4.1.5) lib/active_support/tagged_logging.rb:26:in `tagged'
  activesupport (4.1.5) lib/active_support/tagged_logging.rb:68:in `tagged'
  railties (4.1.5) lib/rails/rack/logger.rb:20:in `call'
  actionpack (4.1.5) lib/action_dispatch/middleware/request_id.rb:21:in `call'
  rack (1.5.2) lib/rack/runtime.rb:17:in `call'
  activesupport (4.1.5) lib/active_support/cache/strategy/local_cache_middleware.rb:26:in `call'
  rack (1.5.2) lib/rack/lock.rb:17:in `call'
  actionpack (4.1.5) lib/action_dispatch/middleware/static.rb:64:in `call'
  railties (4.1.5) lib/rails/engine.rb:514:in `call'
  railties (4.1.5) lib/rails/application.rb:144:in `call'
  rack (1.5.2) lib/rack/lock.rb:17:in `call'
  rack (1.5.2) lib/rack/content_length.rb:14:in `call'
  rack (1.5.2) lib/rack/handler/webrick.rb:60:in `service'
  /home/gui/.rvm/rubies/ruby-2.1.2/lib/ruby/2.1.0/webrick/httpserver.rb:138:in `service'
  /home/gui/.rvm/rubies/ruby-2.1.2/lib/ruby/2.1.0/webrick/httpserver.rb:94:in `run'
  /home/gui/.rvm/rubies/ruby-2.1.2/lib/ruby/2.1.0/webrick/server.rb:295:in `block in start_thread'


  Rendered /home/gui/.rvm/gems/ruby-2.1.2/gems/actionpack-4.1.5/lib/action_dispatch/middleware/templates/rescues/_source.erb (4.4ms)
  Rendered /home/gui/.rvm/gems/ruby-2.1.2/gems/actionpack-4.1.5/lib/action_dispatch/middleware/templates/rescues/_trace.html.erb (7.5ms)
  Rendered /home/gui/.rvm/gems/ruby-2.1.2/gems/actionpack-4.1.5/lib/action_dispatch/middleware/templates/rescues/_request_and_response.html.erb (5.4ms)
  Rendered /home/gui/.rvm/gems/ruby-2.1.2/gems/actionpack-4.1.5/lib/action_dispatch/middleware/templates/rescues/diagnostics.erb within rescues/layout (68.5ms)


Started POST "/users" for 127.0.0.1 at 2014-12-09 02:25:50 -0300
Error occurred while parsing request parameters.
Contents:

params%5Bemail%5D=gui

ActionDispatch::ParamsParser::ParseError (795: unexpected token at 'params%5Bemail%5D=gui'):
  actionpack (4.1.5) lib/action_dispatch/middleware/params_parser.rb:53:in `rescue in parse_formatted_parameters'
  actionpack (4.1.5) lib/action_dispatch/middleware/params_parser.rb:32:in `parse_formatted_parameters'
  actionpack (4.1.5) lib/action_dispatch/middleware/params_parser.rb:23:in `call'
  activerecord (4.1.5) lib/active_record/query_cache.rb:36:in `call'
  activerecord (4.1.5) lib/active_record/connection_adapters/abstract/connection_pool.rb:621:in `call'
  activerecord (4.1.5) lib/active_record/migration.rb:380:in `call'
  actionpack (4.1.5) lib/action_dispatch/middleware/callbacks.rb:29:in `block in call'
  activesupport (4.1.5) lib/active_support/callbacks.rb:82:in `run_callbacks'
  actionpack (4.1.5) lib/action_dispatch/middleware/callbacks.rb:27:in `call'
  actionpack (4.1.5) lib/action_dispatch/middleware/reloader.rb:73:in `call'
  actionpack (4.1.5) lib/action_dispatch/middleware/remote_ip.rb:76:in `call'
  actionpack (4.1.5) lib/action_dispatch/middleware/debug_exceptions.rb:17:in `call'
  actionpack (4.1.5) lib/action_dispatch/middleware/show_exceptions.rb:30:in `call'
  railties (4.1.5) lib/rails/rack/logger.rb:38:in `call_app'
  railties (4.1.5) lib/rails/rack/logger.rb:20:in `block in call'
  activesupport (4.1.5) lib/active_support/tagged_logging.rb:68:in `block in tagged'
  activesupport (4.1.5) lib/active_support/tagged_logging.rb:26:in `tagged'
  activesupport (4.1.5) lib/active_support/tagged_logging.rb:68:in `tagged'
  railties (4.1.5) lib/rails/rack/logger.rb:20:in `call'
  actionpack (4.1.5) lib/action_dispatch/middleware/request_id.rb:21:in `call'
  rack (1.5.2) lib/rack/runtime.rb:17:in `call'
  activesupport (4.1.5) lib/active_support/cache/strategy/local_cache_middleware.rb:26:in `call'
  rack (1.5.2) lib/rack/lock.rb:17:in `call'
  actionpack (4.1.5) lib/action_dispatch/middleware/static.rb:64:in `call'
  railties (4.1.5) lib/rails/engine.rb:514:in `call'
  railties (4.1.5) lib/rails/application.rb:144:in `call'
  rack (1.5.2) lib/rack/lock.rb:17:in `call'
  rack (1.5.2) lib/rack/content_length.rb:14:in `call'
  rack (1.5.2) lib/rack/handler/webrick.rb:60:in `service'
  /home/gui/.rvm/rubies/ruby-2.1.2/lib/ruby/2.1.0/webrick/httpserver.rb:138:in `service'
  /home/gui/.rvm/rubies/ruby-2.1.2/lib/ruby/2.1.0/webrick/httpserver.rb:94:in `run'
  /home/gui/.rvm/rubies/ruby-2.1.2/lib/ruby/2.1.0/webrick/server.rb:295:in `block in start_thread'


  Rendered /home/gui/.rvm/gems/ruby-2.1.2/gems/actionpack-4.1.5/lib/action_dispatch/middleware/templates/rescues/_source.erb (2.0ms)
  Rendered /home/gui/.rvm/gems/ruby-2.1.2/gems/actionpack-4.1.5/lib/action_dispatch/middleware/templates/rescues/_trace.html.erb (4.2ms)
  Rendered /home/gui/.rvm/gems/ruby-2.1.2/gems/actionpack-4.1.5/lib/action_dispatch/middleware/templates/rescues/_request_and_response.html.erb (4.7ms)
  Rendered /home/gui/.rvm/gems/ruby-2.1.2/gems/actionpack-4.1.5/lib/action_dispatch/middleware/templates/rescues/diagnostics.erb within rescues/layout (37.5ms)


Started POST "/users.json" for 127.0.0.1 at 2014-12-09 02:26:26 -0300
Error occurred while parsing request parameters.
Contents:

params%5Bemail%5D=gui

ActionDispatch::ParamsParser::ParseError (795: unexpected token at 'params%5Bemail%5D=gui'):
  actionpack (4.1.5) lib/action_dispatch/middleware/params_parser.rb:53:in `rescue in parse_formatted_parameters'
  actionpack (4.1.5) lib/action_dispatch/middleware/params_parser.rb:32:in `parse_formatted_parameters'
  actionpack (4.1.5) lib/action_dispatch/middleware/params_parser.rb:23:in `call'
  activerecord (4.1.5) lib/active_record/query_cache.rb:36:in `call'
  activerecord (4.1.5) lib/active_record/connection_adapters/abstract/connection_pool.rb:621:in `call'
  activerecord (4.1.5) lib/active_record/migration.rb:380:in `call'
  actionpack (4.1.5) lib/action_dispatch/middleware/callbacks.rb:29:in `block in call'
  activesupport (4.1.5) lib/active_support/callbacks.rb:82:in `run_callbacks'
  actionpack (4.1.5) lib/action_dispatch/middleware/callbacks.rb:27:in `call'
  actionpack (4.1.5) lib/action_dispatch/middleware/reloader.rb:73:in `call'
  actionpack (4.1.5) lib/action_dispatch/middleware/remote_ip.rb:76:in `call'
  actionpack (4.1.5) lib/action_dispatch/middleware/debug_exceptions.rb:17:in `call'
  actionpack (4.1.5) lib/action_dispatch/middleware/show_exceptions.rb:30:in `call'
  railties (4.1.5) lib/rails/rack/logger.rb:38:in `call_app'
  railties (4.1.5) lib/rails/rack/logger.rb:20:in `block in call'
  activesupport (4.1.5) lib/active_support/tagged_logging.rb:68:in `block in tagged'
  activesupport (4.1.5) lib/active_support/tagged_logging.rb:26:in `tagged'
  activesupport (4.1.5) lib/active_support/tagged_logging.rb:68:in `tagged'
  railties (4.1.5) lib/rails/rack/logger.rb:20:in `call'
  actionpack (4.1.5) lib/action_dispatch/middleware/request_id.rb:21:in `call'
  rack (1.5.2) lib/rack/runtime.rb:17:in `call'
  activesupport (4.1.5) lib/active_support/cache/strategy/local_cache_middleware.rb:26:in `call'
  rack (1.5.2) lib/rack/lock.rb:17:in `call'
  actionpack (4.1.5) lib/action_dispatch/middleware/static.rb:64:in `call'
  railties (4.1.5) lib/rails/engine.rb:514:in `call'
  railties (4.1.5) lib/rails/application.rb:144:in `call'
  rack (1.5.2) lib/rack/lock.rb:17:in `call'
  rack (1.5.2) lib/rack/content_length.rb:14:in `call'
  rack (1.5.2) lib/rack/handler/webrick.rb:60:in `service'
  /home/gui/.rvm/rubies/ruby-2.1.2/lib/ruby/2.1.0/webrick/httpserver.rb:138:in `service'
  /home/gui/.rvm/rubies/ruby-2.1.2/lib/ruby/2.1.0/webrick/httpserver.rb:94:in `run'
  /home/gui/.rvm/rubies/ruby-2.1.2/lib/ruby/2.1.0/webrick/server.rb:295:in `block in start_thread'


  Rendered /home/gui/.rvm/gems/ruby-2.1.2/gems/actionpack-4.1.5/lib/action_dispatch/middleware/templates/rescues/_source.erb (2.0ms)
  Rendered /home/gui/.rvm/gems/ruby-2.1.2/gems/actionpack-4.1.5/lib/action_dispatch/middleware/templates/rescues/_trace.html.erb (5.0ms)
  Rendered /home/gui/.rvm/gems/ruby-2.1.2/gems/actionpack-4.1.5/lib/action_dispatch/middleware/templates/rescues/_request_and_response.html.erb (4.1ms)
  Rendered /home/gui/.rvm/gems/ruby-2.1.2/gems/actionpack-4.1.5/lib/action_dispatch/middleware/templates/rescues/diagnostics.erb within rescues/layout (37.8ms)


Started POST "/users.json" for 127.0.0.1 at 2014-12-09 02:26:45 -0300
Error occurred while parsing request parameters.
Contents:

email=gui

ActionDispatch::ParamsParser::ParseError (795: unexpected token at 'email=gui'):
  actionpack (4.1.5) lib/action_dispatch/middleware/params_parser.rb:53:in `rescue in parse_formatted_parameters'
  actionpack (4.1.5) lib/action_dispatch/middleware/params_parser.rb:32:in `parse_formatted_parameters'
  actionpack (4.1.5) lib/action_dispatch/middleware/params_parser.rb:23:in `call'
  activerecord (4.1.5) lib/active_record/query_cache.rb:36:in `call'
  activerecord (4.1.5) lib/active_record/connection_adapters/abstract/connection_pool.rb:621:in `call'
  activerecord (4.1.5) lib/active_record/migration.rb:380:in `call'
  actionpack (4.1.5) lib/action_dispatch/middleware/callbacks.rb:29:in `block in call'
  activesupport (4.1.5) lib/active_support/callbacks.rb:82:in `run_callbacks'
  actionpack (4.1.5) lib/action_dispatch/middleware/callbacks.rb:27:in `call'
  actionpack (4.1.5) lib/action_dispatch/middleware/reloader.rb:73:in `call'
  actionpack (4.1.5) lib/action_dispatch/middleware/remote_ip.rb:76:in `call'
  actionpack (4.1.5) lib/action_dispatch/middleware/debug_exceptions.rb:17:in `call'
  actionpack (4.1.5) lib/action_dispatch/middleware/show_exceptions.rb:30:in `call'
  railties (4.1.5) lib/rails/rack/logger.rb:38:in `call_app'
  railties (4.1.5) lib/rails/rack/logger.rb:20:in `block in call'
  activesupport (4.1.5) lib/active_support/tagged_logging.rb:68:in `block in tagged'
  activesupport (4.1.5) lib/active_support/tagged_logging.rb:26:in `tagged'
  activesupport (4.1.5) lib/active_support/tagged_logging.rb:68:in `tagged'
  railties (4.1.5) lib/rails/rack/logger.rb:20:in `call'
  actionpack (4.1.5) lib/action_dispatch/middleware/request_id.rb:21:in `call'
  rack (1.5.2) lib/rack/runtime.rb:17:in `call'
  activesupport (4.1.5) lib/active_support/cache/strategy/local_cache_middleware.rb:26:in `call'
  rack (1.5.2) lib/rack/lock.rb:17:in `call'
  actionpack (4.1.5) lib/action_dispatch/middleware/static.rb:64:in `call'
  railties (4.1.5) lib/rails/engine.rb:514:in `call'
  railties (4.1.5) lib/rails/application.rb:144:in `call'
  rack (1.5.2) lib/rack/lock.rb:17:in `call'
  rack (1.5.2) lib/rack/content_length.rb:14:in `call'
  rack (1.5.2) lib/rack/handler/webrick.rb:60:in `service'
  /home/gui/.rvm/rubies/ruby-2.1.2/lib/ruby/2.1.0/webrick/httpserver.rb:138:in `service'
  /home/gui/.rvm/rubies/ruby-2.1.2/lib/ruby/2.1.0/webrick/httpserver.rb:94:in `run'
  /home/gui/.rvm/rubies/ruby-2.1.2/lib/ruby/2.1.0/webrick/server.rb:295:in `block in start_thread'


  Rendered /home/gui/.rvm/gems/ruby-2.1.2/gems/actionpack-4.1.5/lib/action_dispatch/middleware/templates/rescues/_source.erb (2.3ms)
  Rendered /home/gui/.rvm/gems/ruby-2.1.2/gems/actionpack-4.1.5/lib/action_dispatch/middleware/templates/rescues/_trace.html.erb (4.8ms)
  Rendered /home/gui/.rvm/gems/ruby-2.1.2/gems/actionpack-4.1.5/lib/action_dispatch/middleware/templates/rescues/_request_and_response.html.erb (4.0ms)
  Rendered /home/gui/.rvm/gems/ruby-2.1.2/gems/actionpack-4.1.5/lib/action_dispatch/middleware/templates/rescues/diagnostics.erb within rescues/layout (39.7ms)


Started POST "/users.json" for 127.0.0.1 at 2014-12-09 02:27:03 -0300
Processing by UsersController#create as JSON
  [1m[35mKey Load (0.7ms)[0m  SELECT  "keys".* FROM "keys"  WHERE "keys"."password" IS NULL LIMIT 1
Unpermitted parameters: format
  [1m[36m (0.4ms)[0m  [1mbegin transaction[0m
  [1m[35mUser Exists (1.0ms)[0m  SELECT  1 AS one FROM "users"  WHERE "users"."email" IS NULL LIMIT 1
  [1m[36m (0.4ms)[0m  [1mrollback transaction[0m
Completed 422 Unprocessable Entity in 278ms (Views: 1.1ms | ActiveRecord: 4.3ms)


Started GET "/users" for 127.0.0.1 at 2014-12-09 02:30:38 -0300
Processing by UsersController#index as */*
  [1m[35mKey Load (0.7ms)[0m  SELECT  "keys".* FROM "keys"  WHERE "keys"."password" IS NULL LIMIT 1
  [1m[36mUser Load (0.5ms)[0m  [1mSELECT "users".* FROM "users"[0m
Completed 200 OK in 6ms (Views: 1.6ms | ActiveRecord: 1.3ms)


Started POST "/users" for 127.0.0.1 at 2014-12-09 02:30:55 -0300
Processing by UsersController#create as */*
  Parameters: {"email"=>"gui.carneiro15@gmail.com"}
  [1m[35mKey Load (1.3ms)[0m  SELECT  "keys".* FROM "keys"  WHERE "keys"."password" IS NULL LIMIT 1
Unpermitted parameters: email
  [1m[36m (0.3ms)[0m  [1mbegin transaction[0m
  [1m[35mUser Exists (0.6ms)[0m  SELECT  1 AS one FROM "users"  WHERE "users"."email" IS NULL LIMIT 1
  [1m[36m (0.2ms)[0m  [1mrollback transaction[0m
Completed 422 Unprocessable Entity in 15ms (Views: 0.6ms | ActiveRecord: 2.5ms)


Started POST "/users" for 127.0.0.1 at 2014-12-09 02:31:25 -0300
Processing by UsersController#create as */*
  Parameters: {"email"=>"gui.carneiro15@gmail.com"}
  [1m[35mKey Load (0.7ms)[0m  SELECT  "keys".* FROM "keys"  WHERE "keys"."password" IS NULL LIMIT 1
Unpermitted parameters: email
  [1m[36m (0.3ms)[0m  [1mbegin transaction[0m
  [1m[35mUser Exists (0.5ms)[0m  SELECT  1 AS one FROM "users"  WHERE "users"."email" IS NULL LIMIT 1
  [1m[36m (0.2ms)[0m  [1mrollback transaction[0m
Completed 422 Unprocessable Entity in 12ms (Views: 0.5ms | ActiveRecord: 1.8ms)


Started POST "/users" for 127.0.0.1 at 2014-12-09 02:31:43 -0300
Processing by UsersController#create as */*
  Parameters: {"user_email"=>"gui.carneiro15@gmail.com"}
  [1m[35mKey Load (1.0ms)[0m  SELECT  "keys".* FROM "keys"  WHERE "keys"."password" IS NULL LIMIT 1
Unpermitted parameters: user_email
  [1m[36m (0.6ms)[0m  [1mbegin transaction[0m
  [1m[35mUser Exists (0.6ms)[0m  SELECT  1 AS one FROM "users"  WHERE "users"."email" IS NULL LIMIT 1
  [1m[36m (0.5ms)[0m  [1mrollback transaction[0m
Completed 422 Unprocessable Entity in 16ms (Views: 0.7ms | ActiveRecord: 2.7ms)


Started POST "/users" for 127.0.0.1 at 2014-12-09 02:31:54 -0300
Processing by UsersController#create as */*
  Parameters: {"user_email"=>"gui.carneiro15@gmail.com"}
  [1m[35mKey Load (0.6ms)[0m  SELECT  "keys".* FROM "keys"  WHERE "keys"."password" IS NULL LIMIT 1
Unpermitted parameters: user_email
  [1m[36m (0.3ms)[0m  [1mbegin transaction[0m
  [1m[35mUser Exists (0.7ms)[0m  SELECT  1 AS one FROM "users"  WHERE "users"."email" IS NULL LIMIT 1
  [1m[36m (0.3ms)[0m  [1mrollback transaction[0m
Completed 422 Unprocessable Entity in 14ms (Views: 0.5ms | ActiveRecord: 1.9ms)


Started POST "/users" for 127.0.0.1 at 2014-12-09 02:32:00 -0300
Processing by UsersController#create as */*
  Parameters: {"user_email"=>"gui.carneiro15@gmail.com"}
  [1m[35mKey Load (0.8ms)[0m  SELECT  "keys".* FROM "keys"  WHERE "keys"."password" IS NULL LIMIT 1
Unpermitted parameters: user_email
  [1m[36m (0.3ms)[0m  [1mbegin transaction[0m
  [1m[35mUser Exists (0.9ms)[0m  SELECT  1 AS one FROM "users"  WHERE "users"."email" IS NULL LIMIT 1
  [1m[36m (0.5ms)[0m  [1mrollback transaction[0m
Completed 422 Unprocessable Entity in 17ms (Views: 0.7ms | ActiveRecord: 2.4ms)


Started POST "/users" for 127.0.0.1 at 2014-12-09 02:32:25 -0300
  [1m[36mActiveRecord::SchemaMigration Load (0.5ms)[0m  [1mSELECT "schema_migrations".* FROM "schema_migrations"[0m
Processing by UsersController#create as */*
  Parameters: {"user_email"=>"gui.carneiro15@gmail.com"}
Unpermitted parameters: user_email
  [1m[35m (0.2ms)[0m  begin transaction
  [1m[36mUser Exists (0.5ms)[0m  [1mSELECT  1 AS one FROM "users"  WHERE "users"."email" IS NULL LIMIT 1[0m
  [1m[35m (0.2ms)[0m  rollback transaction
Completed 422 Unprocessable Entity in 91ms (Views: 0.6ms | ActiveRecord: 3.1ms)


Started POST "/users" for 127.0.0.1 at 2014-12-09 02:32:27 -0300
Processing by UsersController#create as */*
  Parameters: {"user_email"=>"gui.carneiro15@gmail.com"}
Unpermitted parameters: user_email
  [1m[36m (0.7ms)[0m  [1mbegin transaction[0m
  [1m[35mUser Exists (0.7ms)[0m  SELECT  1 AS one FROM "users"  WHERE "users"."email" IS NULL LIMIT 1
  [1m[36m (0.4ms)[0m  [1mrollback transaction[0m
Completed 422 Unprocessable Entity in 14ms (Views: 0.8ms | ActiveRecord: 1.9ms)


Started POST "/users" for 127.0.0.1 at 2014-12-09 02:32:52 -0300
Processing by UsersController#create as */*
  Parameters: {"email"=>"gui.carneiro15@gmail.com"}
  [1m[35mKey Load (1.2ms)[0m  SELECT  "keys".* FROM "keys"  WHERE "keys"."password" IS NULL LIMIT 1
Unpermitted parameters: email
  [1m[36m (0.3ms)[0m  [1mbegin transaction[0m
  [1m[35mUser Exists (0.8ms)[0m  SELECT  1 AS one FROM "users"  WHERE "users"."email" IS NULL LIMIT 1
  [1m[36m (0.3ms)[0m  [1mrollback transaction[0m
Completed 422 Unprocessable Entity in 83ms (Views: 1.2ms | ActiveRecord: 6.1ms)


Started POST "/users" for 127.0.0.1 at 2014-12-09 02:33:31 -0300
Processing by UsersController#create as */*
  Parameters: {"email"=>"gui.carneiro15@gmail.com", "permission"=>""}
  [1m[35mKey Load (1.2ms)[0m  SELECT  "keys".* FROM "keys"  WHERE "keys"."password" IS NULL LIMIT 1
Unpermitted parameters: permission
  [1m[36m (0.7ms)[0m  [1mbegin transaction[0m
  [1m[35mUser Exists (0.6ms)[0m  SELECT  1 AS one FROM "users"  WHERE "users"."email" = 'gui.carneiro15@gmail.com' LIMIT 1
  [1m[36mUser Exists (0.5ms)[0m  [1mSELECT  1 AS one FROM "users"  WHERE "users"."password" = 'SPtBqYpP' LIMIT 1[0m
  [1m[35mSQL (1.6ms)[0m  INSERT INTO "users" ("created_at", "email", "password", "updated_at") VALUES (?, ?, ?, ?)  [["created_at", "2014-12-09 05:33:31.320330"], ["email", "gui.carneiro15@gmail.com"], ["password", "SPtBqYpP"], ["updated_at", "2014-12-09 05:33:31.320330"]]
  [1m[36m (79.7ms)[0m  [1mcommit transaction[0m
Completed 201 Created in 180ms (Views: 3.1ms | ActiveRecord: 90.1ms)


Started POST "/keys" for 127.0.0.1 at 2014-12-12 19:07:41 -0300
  [1m[36mActiveRecord::SchemaMigration Load (0.6ms)[0m  [1mSELECT "schema_migrations".* FROM "schema_migrations"[0m
Processing by KeysController#create as */*
  [1m[35m (0.4ms)[0m  begin transaction
  [1m[36mKey Exists (0.6ms)[0m  [1mSELECT  1 AS one FROM "keys"  WHERE "keys"."password" = 'Q4bfG6Noj0FkbIV0hJxE672jFvI' LIMIT 1[0m
  [1m[35mSQL (1.2ms)[0m  INSERT INTO "keys" ("created_at", "password", "updated_at") VALUES (?, ?, ?)  [["created_at", "2014-12-12 22:07:41.983475"], ["password", "Q4bfG6Noj0FkbIV0hJxE672jFvI"], ["updated_at", "2014-12-12 22:07:41.983475"]]
  [1m[36m (135.6ms)[0m  [1mcommit transaction[0m
Completed 201 Created in 253ms (Views: 1.1ms | ActiveRecord: 139.1ms)


Started POST "/user" for 127.0.0.1 at 2014-12-12 19:07:53 -0300

ActionController::RoutingError (No route matches [POST] "/user"):
  actionpack (4.1.5) lib/action_dispatch/middleware/debug_exceptions.rb:21:in `call'
  actionpack (4.1.5) lib/action_dispatch/middleware/show_exceptions.rb:30:in `call'
  railties (4.1.5) lib/rails/rack/logger.rb:38:in `call_app'
  railties (4.1.5) lib/rails/rack/logger.rb:20:in `block in call'
  activesupport (4.1.5) lib/active_support/tagged_logging.rb:68:in `block in tagged'
  activesupport (4.1.5) lib/active_support/tagged_logging.rb:26:in `tagged'
  activesupport (4.1.5) lib/active_support/tagged_logging.rb:68:in `tagged'
  railties (4.1.5) lib/rails/rack/logger.rb:20:in `call'
  actionpack (4.1.5) lib/action_dispatch/middleware/request_id.rb:21:in `call'
  rack (1.5.2) lib/rack/runtime.rb:17:in `call'
  activesupport (4.1.5) lib/active_support/cache/strategy/local_cache_middleware.rb:26:in `call'
  rack (1.5.2) lib/rack/lock.rb:17:in `call'
  actionpack (4.1.5) lib/action_dispatch/middleware/static.rb:64:in `call'
  railties (4.1.5) lib/rails/engine.rb:514:in `call'
  railties (4.1.5) lib/rails/application.rb:144:in `call'
  rack (1.5.2) lib/rack/lock.rb:17:in `call'
  rack (1.5.2) lib/rack/content_length.rb:14:in `call'
  rack (1.5.2) lib/rack/handler/webrick.rb:60:in `service'
  /home/gui/.rvm/rubies/ruby-2.1.2/lib/ruby/2.1.0/webrick/httpserver.rb:138:in `service'
  /home/gui/.rvm/rubies/ruby-2.1.2/lib/ruby/2.1.0/webrick/httpserver.rb:94:in `run'
  /home/gui/.rvm/rubies/ruby-2.1.2/lib/ruby/2.1.0/webrick/server.rb:295:in `block in start_thread'


  Rendered /home/gui/.rvm/gems/ruby-2.1.2/gems/actionpack-4.1.5/lib/action_dispatch/middleware/templates/rescues/_trace.html.erb (5.4ms)
  Rendered /home/gui/.rvm/gems/ruby-2.1.2/gems/actionpack-4.1.5/lib/action_dispatch/middleware/templates/routes/_route.html.erb (30.9ms)
  Rendered /home/gui/.rvm/gems/ruby-2.1.2/gems/actionpack-4.1.5/lib/action_dispatch/middleware/templates/routes/_table.html.erb (45.0ms)
  Rendered /home/gui/.rvm/gems/ruby-2.1.2/gems/actionpack-4.1.5/lib/action_dispatch/middleware/templates/rescues/routing_error.html.erb within rescues/layout (197.3ms)


Started POST "/users" for 127.0.0.1 at 2014-12-12 19:08:09 -0300
Processing by UsersController#create as */*
  [1m[35mKey Load (0.8ms)[0m  SELECT  "keys".* FROM "keys"  WHERE "keys"."password" IS NULL LIMIT 1
  [1m[36m (0.7ms)[0m  [1mbegin transaction[0m
  [1m[35mUser Exists (1.1ms)[0m  SELECT  1 AS one FROM "users"  WHERE "users"."email" IS NULL LIMIT 1
  [1m[36m (0.7ms)[0m  [1mrollback transaction[0m
Completed 422 Unprocessable Entity in 135ms (Views: 1.5ms | ActiveRecord: 5.9ms)
